15:09:17:308  INFO 10292 --- [main] com.hmall.pay.PayApplication             : Starting PayApplication using Java 11.0.16.1 on 神奇海螺 with PID 10292 (C:\Users\12154\Desktop\hmall\pay-service\target\classes started by 12154 in C:\Users\12154\Desktop\hmall)
15:09:17:314 DEBUG 10292 --- [main] com.hmall.pay.PayApplication             : Running with Spring Boot v2.7.12, Spring v5.3.27
15:09:17:316  INFO 10292 --- [main] com.hmall.pay.PayApplication             : The following 1 profile is active: "local"
15:09:18:966  INFO 10292 --- [main] o.s.cloud.context.scope.GenericScope     : BeanFactory id=01d8b01a-9dca-395a-8a21-45a8fef661c6
15:09:19:560  INFO 10292 --- [main] o.s.b.w.embedded.tomcat.TomcatWebServer  : Tomcat initialized with port(s): 8086 (http)
15:09:19:577  INFO 10292 --- [main] o.apache.catalina.core.StandardService   : Starting service [Tomcat]
15:09:19:577  INFO 10292 --- [main] org.apache.catalina.core.StandardEngine  : Starting Servlet engine: [Apache Tomcat/9.0.75]
15:09:19:844  INFO 10292 --- [main] o.a.c.c.C.[Tomcat].[localhost].[/]       : Initializing Spring embedded WebApplicationContext
15:09:19:845  INFO 10292 --- [main] w.s.c.ServletWebServerApplicationContext : Root WebApplicationContext: initialization completed in 2461 ms
15:09:20:164  INFO 10292 --- [main] o.s.c.openfeign.FeignClientFactoryBean   : For 'user-service' URL not provided. Will try picking an instance via load-balancing.
15:09:20:259  INFO 10292 --- [main] o.s.c.openfeign.FeignClientFactoryBean   : For 'trade-service' URL not provided. Will try picking an instance via load-balancing.
15:09:26:029  INFO 10292 --- [main] pertySourcedRequestMappingHandlerMapping : Mapped URL path [/v2/api-docs] onto method [springfox.documentation.swagger2.web.Swagger2ControllerWebMvc#getDocumentation(String, HttpServletRequest)]
15:09:27:968  INFO 10292 --- [main] com.alibaba.nacos.common.remote.client   : [RpcClientFactory] create a new rpc client of 4a103e96-dea0-4ac5-adbb-8842fc14c577
15:09:28:032  INFO 10292 --- [main] org.reflections.Reflections              : Reflections took 34 ms to scan 1 urls, producing 3 keys and 6 values 
15:09:28:072  INFO 10292 --- [main] org.reflections.Reflections              : Reflections took 14 ms to scan 1 urls, producing 4 keys and 9 values 
15:09:28:090  INFO 10292 --- [main] org.reflections.Reflections              : Reflections took 11 ms to scan 1 urls, producing 3 keys and 10 values 
15:09:28:096  WARN 10292 --- [main] org.reflections.Reflections              : given scan urls are empty. set urls in the configuration
15:09:28:107  INFO 10292 --- [main] org.reflections.Reflections              : Reflections took 9 ms to scan 1 urls, producing 1 keys and 5 values 
15:09:28:123  INFO 10292 --- [main] org.reflections.Reflections              : Reflections took 10 ms to scan 1 urls, producing 1 keys and 7 values 
15:09:28:137  INFO 10292 --- [main] org.reflections.Reflections              : Reflections took 10 ms to scan 1 urls, producing 2 keys and 8 values 
15:09:28:142  WARN 10292 --- [main] org.reflections.Reflections              : given scan urls are empty. set urls in the configuration
15:09:28:143  INFO 10292 --- [main] com.alibaba.nacos.common.remote.client   : [4a103e96-dea0-4ac5-adbb-8842fc14c577] RpcClient init label, labels = {module=naming, source=sdk}
15:09:28:147  INFO 10292 --- [main] com.alibaba.nacos.common.remote.client   : [4a103e96-dea0-4ac5-adbb-8842fc14c577] RpcClient init, ServerListFactory = com.alibaba.nacos.client.naming.core.ServerListManager
15:09:28:147  INFO 10292 --- [main] com.alibaba.nacos.common.remote.client   : [4a103e96-dea0-4ac5-adbb-8842fc14c577] Registry connection listener to current client:com.alibaba.nacos.client.naming.remote.gprc.redo.NamingGrpcRedoService
15:09:28:148  INFO 10292 --- [main] com.alibaba.nacos.common.remote.client   : [4a103e96-dea0-4ac5-adbb-8842fc14c577] Register server push request handler:com.alibaba.nacos.client.naming.remote.gprc.NamingPushRequestHandler
15:09:28:152  INFO 10292 --- [main] com.alibaba.nacos.common.remote.client   : [4a103e96-dea0-4ac5-adbb-8842fc14c577] Try to connect to server on start up, server: {serverIp = '192.168.253.130', server main port = 8848}
15:09:32:562  INFO 10292 --- [main] com.alibaba.nacos.common.remote.client   : [4a103e96-dea0-4ac5-adbb-8842fc14c577] Success to connect to server [192.168.253.130:8848] on start up, connectionId = 1735974572450_192.168.253.1_30633
15:09:32:562  INFO 10292 --- [com.alibaba.nacos.client.remote.worker] com.alibaba.nacos.common.remote.client   : [4a103e96-dea0-4ac5-adbb-8842fc14c577] Notify connected event to listeners.
15:09:32:563  INFO 10292 --- [main] com.alibaba.nacos.common.remote.client   : [4a103e96-dea0-4ac5-adbb-8842fc14c577] Register server push request handler:com.alibaba.nacos.common.remote.client.RpcClient$ConnectResetRequestHandler
15:09:32:564  INFO 10292 --- [main] com.alibaba.nacos.common.remote.client   : [4a103e96-dea0-4ac5-adbb-8842fc14c577] Register server push request handler:com.alibaba.nacos.common.remote.client.RpcClient$$Lambda$979/0x0000000800800040
15:09:32:635  INFO 10292 --- [main] o.s.b.w.embedded.tomcat.TomcatWebServer  : Tomcat started on port(s): 8086 (http) with context path ''
15:09:32:653  INFO 10292 --- [main] c.a.c.n.registry.NacosServiceRegistry    : nacos registry, DEFAULT_GROUP pay-service 192.168.214.1:8086 register finished
15:09:33:158  INFO 10292 --- [nacos-grpc-client-executor-11] com.alibaba.nacos.common.remote.client   : [4a103e96-dea0-4ac5-adbb-8842fc14c577] Receive server push request, request = NotifySubscriberRequest, requestId = 4
15:09:33:162  INFO 10292 --- [nacos-grpc-client-executor-11] com.alibaba.nacos.common.remote.client   : [4a103e96-dea0-4ac5-adbb-8842fc14c577] Ack server push request, request = NotifySubscriberRequest, requestId = 4
15:09:33:817  INFO 10292 --- [main] d.s.w.p.DocumentationPluginsBootstrapper : Documentation plugins bootstrapped
15:09:33:821  INFO 10292 --- [main] d.s.w.p.DocumentationPluginsBootstrapper : Found 1 custom documentation plugin(s)
15:09:33:841  INFO 10292 --- [main] s.d.s.w.s.ApiListingReferenceScanner     : Scanning for api listing references
15:09:33:931  INFO 10292 --- [main] com.hmall.pay.PayApplication             : Started PayApplication in 18.756 seconds (JVM running for 20.289)
21:05:05:056  WARN 10292 --- [Thread-7] c.a.n.common.http.HttpClientBeanHolder   : [HttpClientBeanHolder] Start destroying common HttpClient
21:05:05:056  WARN 10292 --- [Thread-4] c.a.nacos.common.notify.NotifyCenter     : [NotifyCenter] Start destroying Publisher
21:05:05:075  WARN 10292 --- [Thread-4] c.a.nacos.common.notify.NotifyCenter     : [NotifyCenter] Destruction of the end
21:05:05:079  WARN 10292 --- [Thread-7] c.a.n.common.http.HttpClientBeanHolder   : [HttpClientBeanHolder] Destruction of the end
21:05:06:466  INFO 10292 --- [SpringApplicationShutdownHook] c.a.c.n.registry.NacosServiceRegistry    : De-registering from Nacos Server now...
21:05:06:473  INFO 10292 --- [SpringApplicationShutdownHook] c.a.c.n.registry.NacosServiceRegistry    : De-registration finished.
21:05:06:798  INFO 10292 --- [SpringApplicationShutdownHook] com.alibaba.nacos.common.remote.client   : Shutdown rpc client, set status to shutdown
21:05:06:799  INFO 10292 --- [SpringApplicationShutdownHook] com.alibaba.nacos.common.remote.client   : Shutdown client event executor java.util.concurrent.ScheduledThreadPoolExecutor@53ce4525[Running, pool size = 2, active threads = 2, queued tasks = 0, completed tasks = 0]
21:05:06:799  INFO 10292 --- [SpringApplicationShutdownHook] com.alibaba.nacos.common.remote.client   : Close current connection 1735974572450_192.168.253.1_30633
21:05:06:804  INFO 10292 --- [nacos-grpc-client-executor-4288] c.a.n.c.remote.client.grpc.GrpcClient    : [1735974572450_192.168.253.1_30633]Ignore complete event,isRunning:false,isAbandon=false
21:05:06:817  INFO 10292 --- [SpringApplicationShutdownHook] c.a.n.c.remote.client.grpc.GrpcClient    : Shutdown grpc executor java.util.concurrent.ThreadPoolExecutor@6f91ae4d[Running, pool size = 5, active threads = 0, queued tasks = 0, completed tasks = 4289]
