15:09:31:471  INFO 7188 --- [main] com.hmall.cart.CartApplication           : The following 1 profile is active: "local"
15:09:32:657  INFO 7188 --- [main] o.s.cloud.context.scope.GenericScope     : BeanFactory id=216844e8-be25-38fa-99da-8d03a3cc6c97
15:09:33:063  INFO 7188 --- [main] o.s.b.w.embedded.tomcat.TomcatWebServer  : Tomcat initialized with port(s): 8082 (http)
15:09:33:075  INFO 7188 --- [main] o.apache.catalina.core.StandardService   : Starting service [Tomcat]
15:09:33:076  INFO 7188 --- [main] org.apache.catalina.core.StandardEngine  : Starting Servlet engine: [Apache Tomcat/9.0.75]
15:09:33:243  INFO 7188 --- [main] o.a.c.c.C.[Tomcat].[localhost].[/]       : Initializing Spring embedded WebApplicationContext
15:09:33:248  INFO 7188 --- [main] w.s.c.ServletWebServerApplicationContext : Root WebApplicationContext: initialization completed in 1741 ms
15:09:33:480  INFO 7188 --- [main] o.s.c.openfeign.FeignClientFactoryBean   : For 'item-service' URL not provided. Will try picking an instance via load-balancing.
15:09:37:937  INFO 7188 --- [main] pertySourcedRequestMappingHandlerMapping : Mapped URL path [/v2/api-docs] onto method [springfox.documentation.swagger2.web.Swagger2ControllerWebMvc#getDocumentation(String, HttpServletRequest)]
15:09:39:173  INFO 7188 --- [main] com.alibaba.nacos.common.remote.client   : [RpcClientFactory] create a new rpc client of a2fd1acf-b0ee-4ccf-96b1-dd7928718693
15:09:39:173  INFO 7188 --- [main] com.alibaba.nacos.common.remote.client   : [a2fd1acf-b0ee-4ccf-96b1-dd7928718693] RpcClient init label, labels = {module=naming, source=sdk}
15:09:39:174  INFO 7188 --- [main] com.alibaba.nacos.common.remote.client   : [a2fd1acf-b0ee-4ccf-96b1-dd7928718693] RpcClient init, ServerListFactory = com.alibaba.nacos.client.naming.core.ServerListManager
15:09:39:176  INFO 7188 --- [main] com.alibaba.nacos.common.remote.client   : [a2fd1acf-b0ee-4ccf-96b1-dd7928718693] Registry connection listener to current client:com.alibaba.nacos.client.naming.remote.gprc.redo.NamingGrpcRedoService
15:09:39:176  INFO 7188 --- [main] com.alibaba.nacos.common.remote.client   : [a2fd1acf-b0ee-4ccf-96b1-dd7928718693] Register server push request handler:com.alibaba.nacos.client.naming.remote.gprc.NamingPushRequestHandler
15:09:39:177  INFO 7188 --- [main] com.alibaba.nacos.common.remote.client   : [a2fd1acf-b0ee-4ccf-96b1-dd7928718693] Try to connect to server on start up, server: {serverIp = '192.168.253.130', server main port = 8848}
15:09:39:306  INFO 7188 --- [main] com.alibaba.nacos.common.remote.client   : [a2fd1acf-b0ee-4ccf-96b1-dd7928718693] Success to connect to server [192.168.253.130:8848] on start up, connectionId = 1735974579316_192.168.253.1_30700
15:09:39:306  INFO 7188 --- [main] com.alibaba.nacos.common.remote.client   : [a2fd1acf-b0ee-4ccf-96b1-dd7928718693] Register server push request handler:com.alibaba.nacos.common.remote.client.RpcClient$ConnectResetRequestHandler
15:09:39:306  INFO 7188 --- [com.alibaba.nacos.client.remote.worker] com.alibaba.nacos.common.remote.client   : [a2fd1acf-b0ee-4ccf-96b1-dd7928718693] Notify connected event to listeners.
15:09:39:306  INFO 7188 --- [main] com.alibaba.nacos.common.remote.client   : [a2fd1acf-b0ee-4ccf-96b1-dd7928718693] Register server push request handler:com.alibaba.nacos.common.remote.client.RpcClient$$Lambda$472/0x000000080047dc40
15:09:39:354  INFO 7188 --- [main] o.s.b.w.embedded.tomcat.TomcatWebServer  : Tomcat started on port(s): 8082 (http) with context path ''
15:09:39:365  INFO 7188 --- [main] c.a.c.n.registry.NacosServiceRegistry    : nacos registry, DEFAULT_GROUP cart-service 192.168.214.1:8082 register finished
15:09:39:888  INFO 7188 --- [nacos-grpc-client-executor-9] com.alibaba.nacos.common.remote.client   : [a2fd1acf-b0ee-4ccf-96b1-dd7928718693] Receive server push request, request = NotifySubscriberRequest, requestId = 5
15:09:39:893  INFO 7188 --- [nacos-grpc-client-executor-9] com.alibaba.nacos.common.remote.client   : [a2fd1acf-b0ee-4ccf-96b1-dd7928718693] Ack server push request, request = NotifySubscriberRequest, requestId = 5
15:09:40:372  INFO 7188 --- [main] d.s.w.p.DocumentationPluginsBootstrapper : Documentation plugins bootstrapped
15:09:40:375  INFO 7188 --- [main] d.s.w.p.DocumentationPluginsBootstrapper : Found 1 custom documentation plugin(s)
15:09:40:401  INFO 7188 --- [main] s.d.s.w.s.ApiListingReferenceScanner     : Scanning for api listing references
15:09:40:490  INFO 7188 --- [main] com.hmall.cart.CartApplication           : Started CartApplication in 18.177 seconds (JVM running for 19.944)
15:09:40:496  INFO 7188 --- [main] c.a.c.n.refresh.NacosContextRefresher    : [Nacos Config] Listening config: dataId=cart-service, group=DEFAULT_GROUP
15:09:40:498  INFO 7188 --- [main] c.a.c.n.refresh.NacosContextRefresher    : [Nacos Config] Listening config: dataId=cart-service.yaml, group=DEFAULT_GROUP
15:09:40:499  INFO 7188 --- [main] c.a.c.n.refresh.NacosContextRefresher    : [Nacos Config] Listening config: dataId=cart-service-local.yaml, group=DEFAULT_GROUP
21:05:04:919  WARN 7188 --- [Thread-5] c.a.nacos.common.notify.NotifyCenter     : [NotifyCenter] Start destroying Publisher
21:05:04:921  WARN 7188 --- [Thread-1] c.a.n.common.http.HttpClientBeanHolder   : [HttpClientBeanHolder] Start destroying common HttpClient
21:05:04:933  WARN 7188 --- [Thread-5] c.a.nacos.common.notify.NotifyCenter     : [NotifyCenter] Destruction of the end
21:05:04:939  WARN 7188 --- [Thread-1] c.a.n.common.http.HttpClientBeanHolder   : [HttpClientBeanHolder] Destruction of the end
21:05:06:306  INFO 7188 --- [SpringApplicationShutdownHook] c.a.c.n.registry.NacosServiceRegistry    : De-registering from Nacos Server now...
21:05:06:313  INFO 7188 --- [SpringApplicationShutdownHook] c.a.c.n.registry.NacosServiceRegistry    : De-registration finished.
21:05:06:644  INFO 7188 --- [SpringApplicationShutdownHook] com.alibaba.nacos.common.remote.client   : Shutdown rpc client, set status to shutdown
21:05:06:645  INFO 7188 --- [SpringApplicationShutdownHook] com.alibaba.nacos.common.remote.client   : Shutdown client event executor java.util.concurrent.ScheduledThreadPoolExecutor@b1c83f7[Running, pool size = 2, active threads = 2, queued tasks = 0, completed tasks = 0]
21:05:06:645  INFO 7188 --- [SpringApplicationShutdownHook] com.alibaba.nacos.common.remote.client   : Close current connection 1735974579316_192.168.253.1_30700
21:05:06:650  INFO 7188 --- [nacos-grpc-client-executor-4282] c.a.n.c.remote.client.grpc.GrpcClient    : [1735974579316_192.168.253.1_30700]Ignore complete event,isRunning:false,isAbandon=false
21:05:06:660  INFO 7188 --- [SpringApplicationShutdownHook] c.a.n.c.remote.client.grpc.GrpcClient    : Shutdown grpc executor java.util.concurrent.ThreadPoolExecutor@179c250f[Running, pool size = 5, active threads = 0, queued tasks = 0, completed tasks = 4283]
