19:00:21:409  INFO 3564 --- [main] com.hmall.trade.TradeApplication         : Starting TradeApplication using Java 11.0.16.1 on 神奇海螺 with PID 3564 (C:\Users\12154\Desktop\hmall\trade-service\target\classes started by 12154 in C:\Users\12154\Desktop\hmall)
19:00:21:412 DEBUG 3564 --- [main] com.hmall.trade.TradeApplication         : Running with Spring Boot v2.7.12, Spring v5.3.27
19:00:21:412  INFO 3564 --- [main] com.hmall.trade.TradeApplication         : The following 1 profile is active: "local"
19:00:22:350  INFO 3564 --- [main] o.s.cloud.context.scope.GenericScope     : BeanFactory id=d89439bb-0865-36b6-9337-6292de800637
19:00:22:659  INFO 3564 --- [main] o.s.b.w.embedded.tomcat.TomcatWebServer  : Tomcat initialized with port(s): 8085 (http)
19:00:22:669  INFO 3564 --- [main] o.apache.catalina.core.StandardService   : Starting service [Tomcat]
19:00:22:669  INFO 3564 --- [main] org.apache.catalina.core.StandardEngine  : Starting Servlet engine: [Apache Tomcat/9.0.75]
19:00:22:812  INFO 3564 --- [main] o.a.c.c.C.[Tomcat].[localhost].[/]       : Initializing Spring embedded WebApplicationContext
19:00:22:814  INFO 3564 --- [main] w.s.c.ServletWebServerApplicationContext : Root WebApplicationContext: initialization completed in 1360 ms
19:00:25:335  INFO 3564 --- [main] o.s.c.openfeign.FeignClientFactoryBean   : For 'item-service' URL not provided. Will try picking an instance via load-balancing.
19:00:25:388  INFO 3564 --- [main] o.s.c.openfeign.FeignClientFactoryBean   : For 'cart-service' URL not provided. Will try picking an instance via load-balancing.
19:00:26:587  INFO 3564 --- [main] pertySourcedRequestMappingHandlerMapping : Mapped URL path [/v2/api-docs] onto method [springfox.documentation.swagger2.web.Swagger2ControllerWebMvc#getDocumentation(String, HttpServletRequest)]
19:00:27:625  INFO 3564 --- [main] com.alibaba.nacos.common.remote.client   : [RpcClientFactory] create a new rpc client of 5659d126-2db2-4d94-b4fc-b711b1f73480
19:00:27:667  INFO 3564 --- [main] org.reflections.Reflections              : Reflections took 22 ms to scan 1 urls, producing 3 keys and 6 values 
19:00:27:690  INFO 3564 --- [main] org.reflections.Reflections              : Reflections took 8 ms to scan 1 urls, producing 4 keys and 9 values 
19:00:27:699  INFO 3564 --- [main] org.reflections.Reflections              : Reflections took 6 ms to scan 1 urls, producing 3 keys and 10 values 
19:00:27:702  WARN 3564 --- [main] org.reflections.Reflections              : given scan urls are empty. set urls in the configuration
19:00:27:709  INFO 3564 --- [main] org.reflections.Reflections              : Reflections took 6 ms to scan 1 urls, producing 1 keys and 5 values 
19:00:27:717  INFO 3564 --- [main] org.reflections.Reflections              : Reflections took 6 ms to scan 1 urls, producing 1 keys and 7 values 
19:00:27:726  INFO 3564 --- [main] org.reflections.Reflections              : Reflections took 6 ms to scan 1 urls, producing 2 keys and 8 values 
19:00:27:728  WARN 3564 --- [main] org.reflections.Reflections              : given scan urls are empty. set urls in the configuration
19:00:27:730  INFO 3564 --- [main] com.alibaba.nacos.common.remote.client   : [5659d126-2db2-4d94-b4fc-b711b1f73480] RpcClient init label, labels = {module=naming, source=sdk}
19:00:27:733  INFO 3564 --- [main] com.alibaba.nacos.common.remote.client   : [5659d126-2db2-4d94-b4fc-b711b1f73480] RpcClient init, ServerListFactory = com.alibaba.nacos.client.naming.core.ServerListManager
19:00:27:733  INFO 3564 --- [main] com.alibaba.nacos.common.remote.client   : [5659d126-2db2-4d94-b4fc-b711b1f73480] Registry connection listener to current client:com.alibaba.nacos.client.naming.remote.gprc.redo.NamingGrpcRedoService
19:00:27:733  INFO 3564 --- [main] com.alibaba.nacos.common.remote.client   : [5659d126-2db2-4d94-b4fc-b711b1f73480] Register server push request handler:com.alibaba.nacos.client.naming.remote.gprc.NamingPushRequestHandler
19:00:27:735  INFO 3564 --- [main] com.alibaba.nacos.common.remote.client   : [5659d126-2db2-4d94-b4fc-b711b1f73480] Try to connect to server on start up, server: {serverIp = '192.168.253.130', server main port = 8848}
19:00:30:527  INFO 3564 --- [main] com.alibaba.nacos.common.remote.client   : [5659d126-2db2-4d94-b4fc-b711b1f73480] Success to connect to server [192.168.253.130:8848] on start up, connectionId = 1735210831242_192.168.253.1_8911
19:00:30:528  INFO 3564 --- [com.alibaba.nacos.client.remote.worker] com.alibaba.nacos.common.remote.client   : [5659d126-2db2-4d94-b4fc-b711b1f73480] Notify connected event to listeners.
19:00:30:529  INFO 3564 --- [main] com.alibaba.nacos.common.remote.client   : [5659d126-2db2-4d94-b4fc-b711b1f73480] Register server push request handler:com.alibaba.nacos.common.remote.client.RpcClient$ConnectResetRequestHandler
19:00:30:530  INFO 3564 --- [main] com.alibaba.nacos.common.remote.client   : [5659d126-2db2-4d94-b4fc-b711b1f73480] Register server push request handler:com.alibaba.nacos.common.remote.client.RpcClient$$Lambda$974/0x00000008006c9840
19:00:30:578  INFO 3564 --- [main] o.s.b.w.embedded.tomcat.TomcatWebServer  : Tomcat started on port(s): 8085 (http) with context path ''
19:00:30:587  INFO 3564 --- [main] c.a.c.n.registry.NacosServiceRegistry    : nacos registry, DEFAULT_GROUP trade-service 192.168.214.1:8085 register finished
19:00:31:068  INFO 3564 --- [nacos-grpc-client-executor-9] com.alibaba.nacos.common.remote.client   : [5659d126-2db2-4d94-b4fc-b711b1f73480] Receive server push request, request = NotifySubscriberRequest, requestId = 5
19:00:31:071  INFO 3564 --- [nacos-grpc-client-executor-9] com.alibaba.nacos.common.remote.client   : [5659d126-2db2-4d94-b4fc-b711b1f73480] Ack server push request, request = NotifySubscriberRequest, requestId = 5
19:00:31:462  INFO 3564 --- [main] d.s.w.p.DocumentationPluginsBootstrapper : Documentation plugins bootstrapped
19:00:31:464  INFO 3564 --- [main] d.s.w.p.DocumentationPluginsBootstrapper : Found 1 custom documentation plugin(s)
19:00:31:482  INFO 3564 --- [main] s.d.s.w.s.ApiListingReferenceScanner     : Scanning for api listing references
19:00:31:493  INFO 3564 --- [main] com.hmall.trade.TradeApplication         : Started TradeApplication in 11.765 seconds (JVM running for 13.219)
19:00:44:831  INFO 3564 --- [http-nio-8085-exec-1] o.a.c.c.C.[Tomcat].[localhost].[/]       : Initializing Spring DispatcherServlet 'dispatcherServlet'
19:00:44:831  INFO 3564 --- [http-nio-8085-exec-1] o.s.web.servlet.DispatcherServlet        : Initializing Servlet 'dispatcherServlet'
19:00:44:832  INFO 3564 --- [http-nio-8085-exec-1] o.s.web.servlet.DispatcherServlet        : Completed initialization in 1 ms
19:01:26:146  WARN 3564 --- [Thread-4] c.a.nacos.common.notify.NotifyCenter     : [NotifyCenter] Start destroying Publisher
19:01:26:146  WARN 3564 --- [Thread-7] c.a.n.common.http.HttpClientBeanHolder   : [HttpClientBeanHolder] Start destroying common HttpClient
19:01:26:146  WARN 3564 --- [Thread-4] c.a.nacos.common.notify.NotifyCenter     : [NotifyCenter] Destruction of the end
19:01:26:147  WARN 3564 --- [Thread-7] c.a.n.common.http.HttpClientBeanHolder   : [HttpClientBeanHolder] Destruction of the end
19:01:26:759  INFO 3564 --- [SpringApplicationShutdownHook] c.a.c.n.registry.NacosServiceRegistry    : De-registering from Nacos Server now...
19:01:26:764  INFO 3564 --- [SpringApplicationShutdownHook] c.a.c.n.registry.NacosServiceRegistry    : De-registration finished.
19:01:27:098  INFO 3564 --- [SpringApplicationShutdownHook] com.alibaba.nacos.common.remote.client   : Shutdown rpc client, set status to shutdown
19:01:27:098  INFO 3564 --- [SpringApplicationShutdownHook] com.alibaba.nacos.common.remote.client   : Shutdown client event executor java.util.concurrent.ScheduledThreadPoolExecutor@15679743[Running, pool size = 2, active threads = 2, queued tasks = 0, completed tasks = 0]
19:01:27:098  INFO 3564 --- [SpringApplicationShutdownHook] com.alibaba.nacos.common.remote.client   : Close current connection 1735210831242_192.168.253.1_8911
19:01:27:101  INFO 3564 --- [nacos-grpc-client-executor-24] c.a.n.c.remote.client.grpc.GrpcClient    : [1735210831242_192.168.253.1_8911]Ignore complete event,isRunning:false,isAbandon=false
19:01:27:104  INFO 3564 --- [SpringApplicationShutdownHook] c.a.n.c.remote.client.grpc.GrpcClient    : Shutdown grpc executor java.util.concurrent.ThreadPoolExecutor@2e64ec88[Running, pool size = 5, active threads = 0, queued tasks = 0, completed tasks = 25]
19:02:16:296  INFO 1768 --- [main] com.hmall.trade.TradeApplication         : Starting TradeApplication using Java 11.0.16.1 on 神奇海螺 with PID 1768 (C:\Users\12154\Desktop\hmall\trade-service\target\classes started by 12154 in C:\Users\12154\Desktop\hmall)
19:02:16:298 DEBUG 1768 --- [main] com.hmall.trade.TradeApplication         : Running with Spring Boot v2.7.12, Spring v5.3.27
19:02:16:299  INFO 1768 --- [main] com.hmall.trade.TradeApplication         : The following 1 profile is active: "local"
19:02:17:240  INFO 1768 --- [main] o.s.cloud.context.scope.GenericScope     : BeanFactory id=617ae161-926b-3012-98e4-1e472aa397d0
19:02:17:532  INFO 1768 --- [main] o.s.b.w.embedded.tomcat.TomcatWebServer  : Tomcat initialized with port(s): 8085 (http)
19:02:17:539  INFO 1768 --- [main] o.apache.catalina.core.StandardService   : Starting service [Tomcat]
19:02:17:539  INFO 1768 --- [main] org.apache.catalina.core.StandardEngine  : Starting Servlet engine: [Apache Tomcat/9.0.75]
19:02:17:674  INFO 1768 --- [main] o.a.c.c.C.[Tomcat].[localhost].[/]       : Initializing Spring embedded WebApplicationContext
19:02:17:675  INFO 1768 --- [main] w.s.c.ServletWebServerApplicationContext : Root WebApplicationContext: initialization completed in 1333 ms
19:02:17:848  INFO 1768 --- [main] o.s.c.openfeign.FeignClientFactoryBean   : For 'item-service' URL not provided. Will try picking an instance via load-balancing.
19:02:20:167  INFO 1768 --- [main] o.s.c.openfeign.FeignClientFactoryBean   : For 'cart-service' URL not provided. Will try picking an instance via load-balancing.
19:02:21:413  INFO 1768 --- [main] pertySourcedRequestMappingHandlerMapping : Mapped URL path [/v2/api-docs] onto method [springfox.documentation.swagger2.web.Swagger2ControllerWebMvc#getDocumentation(String, HttpServletRequest)]
19:02:22:441  INFO 1768 --- [main] com.alibaba.nacos.common.remote.client   : [RpcClientFactory] create a new rpc client of 0ebb6dce-9f1b-40d9-8147-d4b5fe76468a
19:02:22:478  INFO 1768 --- [main] org.reflections.Reflections              : Reflections took 20 ms to scan 1 urls, producing 3 keys and 6 values 
19:02:22:501  INFO 1768 --- [main] org.reflections.Reflections              : Reflections took 8 ms to scan 1 urls, producing 4 keys and 9 values 
19:02:22:510  INFO 1768 --- [main] org.reflections.Reflections              : Reflections took 6 ms to scan 1 urls, producing 3 keys and 10 values 
19:02:22:513  WARN 1768 --- [main] org.reflections.Reflections              : given scan urls are empty. set urls in the configuration
19:02:22:519  INFO 1768 --- [main] org.reflections.Reflections              : Reflections took 5 ms to scan 1 urls, producing 1 keys and 5 values 
19:02:22:529  INFO 1768 --- [main] org.reflections.Reflections              : Reflections took 7 ms to scan 1 urls, producing 1 keys and 7 values 
19:02:22:537  INFO 1768 --- [main] org.reflections.Reflections              : Reflections took 6 ms to scan 1 urls, producing 2 keys and 8 values 
19:02:22:539  WARN 1768 --- [main] org.reflections.Reflections              : given scan urls are empty. set urls in the configuration
19:02:22:540  INFO 1768 --- [main] com.alibaba.nacos.common.remote.client   : [0ebb6dce-9f1b-40d9-8147-d4b5fe76468a] RpcClient init label, labels = {module=naming, source=sdk}
19:02:22:542  INFO 1768 --- [main] com.alibaba.nacos.common.remote.client   : [0ebb6dce-9f1b-40d9-8147-d4b5fe76468a] RpcClient init, ServerListFactory = com.alibaba.nacos.client.naming.core.ServerListManager
19:02:22:543  INFO 1768 --- [main] com.alibaba.nacos.common.remote.client   : [0ebb6dce-9f1b-40d9-8147-d4b5fe76468a] Registry connection listener to current client:com.alibaba.nacos.client.naming.remote.gprc.redo.NamingGrpcRedoService
19:02:22:543  INFO 1768 --- [main] com.alibaba.nacos.common.remote.client   : [0ebb6dce-9f1b-40d9-8147-d4b5fe76468a] Register server push request handler:com.alibaba.nacos.client.naming.remote.gprc.NamingPushRequestHandler
19:02:22:545  INFO 1768 --- [main] com.alibaba.nacos.common.remote.client   : [0ebb6dce-9f1b-40d9-8147-d4b5fe76468a] Try to connect to server on start up, server: {serverIp = '192.168.253.130', server main port = 8848}
19:02:25:282  INFO 1768 --- [main] com.alibaba.nacos.common.remote.client   : [0ebb6dce-9f1b-40d9-8147-d4b5fe76468a] Success to connect to server [192.168.253.130:8848] on start up, connectionId = 1735210946007_192.168.253.1_9050
19:02:25:283  INFO 1768 --- [com.alibaba.nacos.client.remote.worker] com.alibaba.nacos.common.remote.client   : [0ebb6dce-9f1b-40d9-8147-d4b5fe76468a] Notify connected event to listeners.
19:02:25:284  INFO 1768 --- [main] com.alibaba.nacos.common.remote.client   : [0ebb6dce-9f1b-40d9-8147-d4b5fe76468a] Register server push request handler:com.alibaba.nacos.common.remote.client.RpcClient$ConnectResetRequestHandler
19:02:25:285  INFO 1768 --- [main] com.alibaba.nacos.common.remote.client   : [0ebb6dce-9f1b-40d9-8147-d4b5fe76468a] Register server push request handler:com.alibaba.nacos.common.remote.client.RpcClient$$Lambda$974/0x00000008006d2440
19:02:25:336  INFO 1768 --- [main] o.s.b.w.embedded.tomcat.TomcatWebServer  : Tomcat started on port(s): 8085 (http) with context path ''
19:02:25:344  INFO 1768 --- [main] c.a.c.n.registry.NacosServiceRegistry    : nacos registry, DEFAULT_GROUP trade-service 192.168.214.1:8085 register finished
19:02:25:837  INFO 1768 --- [nacos-grpc-client-executor-9] com.alibaba.nacos.common.remote.client   : [0ebb6dce-9f1b-40d9-8147-d4b5fe76468a] Receive server push request, request = NotifySubscriberRequest, requestId = 6
19:02:25:840  INFO 1768 --- [nacos-grpc-client-executor-9] com.alibaba.nacos.common.remote.client   : [0ebb6dce-9f1b-40d9-8147-d4b5fe76468a] Ack server push request, request = NotifySubscriberRequest, requestId = 6
19:02:26:215  INFO 1768 --- [main] d.s.w.p.DocumentationPluginsBootstrapper : Documentation plugins bootstrapped
19:02:26:219  INFO 1768 --- [main] d.s.w.p.DocumentationPluginsBootstrapper : Found 1 custom documentation plugin(s)
19:02:26:235  INFO 1768 --- [main] s.d.s.w.s.ApiListingReferenceScanner     : Scanning for api listing references
19:02:26:308  INFO 1768 --- [main] com.hmall.trade.TradeApplication         : Started TradeApplication in 11.642 seconds (JVM running for 12.927)
19:02:31:905  INFO 1768 --- [http-nio-8085-exec-1] o.a.c.c.C.[Tomcat].[localhost].[/]       : Initializing Spring DispatcherServlet 'dispatcherServlet'
19:02:31:905  INFO 1768 --- [http-nio-8085-exec-1] o.s.web.servlet.DispatcherServlet        : Initializing Servlet 'dispatcherServlet'
19:02:31:906  INFO 1768 --- [http-nio-8085-exec-1] o.s.web.servlet.DispatcherServlet        : Completed initialization in 1 ms
19:02:47:408  INFO 1768 --- [http-nio-8085-exec-4] com.zaxxer.hikari.HikariDataSource       : HikariPool-1 - Starting...
19:02:47:774  INFO 1768 --- [http-nio-8085-exec-4] com.zaxxer.hikari.HikariDataSource       : HikariPool-1 - Start completed.
19:02:47:780 DEBUG 1768 --- [http-nio-8085-exec-4] c.h.trade.mapper.OrderMapper.selectById  : ==>  Preparing: SELECT id,total_fee,payment_type,user_id,status,create_time,pay_time,consign_time,end_time,close_time,comment_time,update_time FROM `order` WHERE id=?
19:02:47:804 DEBUG 1768 --- [http-nio-8085-exec-4] c.h.trade.mapper.OrderMapper.selectById  : ==> Parameters: 123865420(Long)
19:02:47:831 DEBUG 1768 --- [http-nio-8085-exec-4] c.h.trade.mapper.OrderMapper.selectById  : <==      Total: 1
19:41:29:992  WARN 1768 --- [Thread-4] c.a.nacos.common.notify.NotifyCenter     : [NotifyCenter] Start destroying Publisher
19:41:29:992  WARN 1768 --- [Thread-7] c.a.n.common.http.HttpClientBeanHolder   : [HttpClientBeanHolder] Start destroying common HttpClient
19:41:29:996  WARN 1768 --- [Thread-4] c.a.nacos.common.notify.NotifyCenter     : [NotifyCenter] Destruction of the end
19:41:29:997  WARN 1768 --- [Thread-7] c.a.n.common.http.HttpClientBeanHolder   : [HttpClientBeanHolder] Destruction of the end
19:41:30:846  INFO 1768 --- [SpringApplicationShutdownHook] c.a.c.n.registry.NacosServiceRegistry    : De-registering from Nacos Server now...
19:41:30:849  INFO 1768 --- [SpringApplicationShutdownHook] c.a.c.n.registry.NacosServiceRegistry    : De-registration finished.
19:41:31:183  INFO 1768 --- [SpringApplicationShutdownHook] com.alibaba.nacos.common.remote.client   : Shutdown rpc client, set status to shutdown
19:41:31:183  INFO 1768 --- [SpringApplicationShutdownHook] com.alibaba.nacos.common.remote.client   : Shutdown client event executor java.util.concurrent.ScheduledThreadPoolExecutor@6efbe6c8[Running, pool size = 2, active threads = 2, queued tasks = 0, completed tasks = 0]
19:41:31:183  INFO 1768 --- [SpringApplicationShutdownHook] com.alibaba.nacos.common.remote.client   : Close current connection 1735210946007_192.168.253.1_9050
19:41:31:185  INFO 1768 --- [nacos-grpc-client-executor-484] c.a.n.c.remote.client.grpc.GrpcClient    : [1735210946007_192.168.253.1_9050]Ignore complete event,isRunning:false,isAbandon=false
19:41:31:189  INFO 1768 --- [SpringApplicationShutdownHook] c.a.n.c.remote.client.grpc.GrpcClient    : Shutdown grpc executor java.util.concurrent.ThreadPoolExecutor@7ab41079[Running, pool size = 5, active threads = 0, queued tasks = 0, completed tasks = 485]
19:41:31:193  INFO 1768 --- [SpringApplicationShutdownHook] com.zaxxer.hikari.HikariDataSource       : HikariPool-1 - Shutdown initiated...
19:41:31:210  INFO 1768 --- [SpringApplicationShutdownHook] com.zaxxer.hikari.HikariDataSource       : HikariPool-1 - Shutdown completed.
20:33:56:137  INFO 25104 --- [main] com.hmall.trade.TradeApplication         : Starting TradeApplication using Java 11.0.16.1 on 神奇海螺 with PID 25104 (C:\Users\12154\Desktop\hmall\trade-service\target\classes started by 12154 in C:\Users\12154\Desktop\hmall)
20:33:56:141 DEBUG 25104 --- [main] com.hmall.trade.TradeApplication         : Running with Spring Boot v2.7.12, Spring v5.3.27
20:33:56:143  INFO 25104 --- [main] com.hmall.trade.TradeApplication         : The following 1 profile is active: "local"
20:33:57:592  INFO 25104 --- [main] o.s.cloud.context.scope.GenericScope     : BeanFactory id=33f68efe-c945-3cfa-bcee-e311426855ca
20:33:58:206  INFO 25104 --- [main] o.s.b.w.embedded.tomcat.TomcatWebServer  : Tomcat initialized with port(s): 8085 (http)
20:33:58:220  INFO 25104 --- [main] o.apache.catalina.core.StandardService   : Starting service [Tomcat]
20:33:58:221  INFO 25104 --- [main] org.apache.catalina.core.StandardEngine  : Starting Servlet engine: [Apache Tomcat/9.0.75]
20:33:58:424  INFO 25104 --- [main] o.a.c.c.C.[Tomcat].[localhost].[/]       : Initializing Spring embedded WebApplicationContext
20:33:58:424  INFO 25104 --- [main] w.s.c.ServletWebServerApplicationContext : Root WebApplicationContext: initialization completed in 2189 ms
20:33:58:735  INFO 25104 --- [main] o.s.c.openfeign.FeignClientFactoryBean   : For 'item-service' URL not provided. Will try picking an instance via load-balancing.
20:34:02:875  INFO 25104 --- [main] o.s.c.openfeign.FeignClientFactoryBean   : For 'cart-service' URL not provided. Will try picking an instance via load-balancing.
20:34:04:990  INFO 25104 --- [main] pertySourcedRequestMappingHandlerMapping : Mapped URL path [/v2/api-docs] onto method [springfox.documentation.swagger2.web.Swagger2ControllerWebMvc#getDocumentation(String, HttpServletRequest)]
20:34:06:753  INFO 25104 --- [main] com.alibaba.nacos.common.remote.client   : [RpcClientFactory] create a new rpc client of f21c7052-c19b-48d0-b6cf-581705b9e9f0
20:34:06:818  INFO 25104 --- [main] org.reflections.Reflections              : Reflections took 35 ms to scan 1 urls, producing 3 keys and 6 values 
20:34:06:850  INFO 25104 --- [main] org.reflections.Reflections              : Reflections took 9 ms to scan 1 urls, producing 4 keys and 9 values 
20:34:06:860  INFO 25104 --- [main] org.reflections.Reflections              : Reflections took 6 ms to scan 1 urls, producing 3 keys and 10 values 
20:34:06:863  WARN 25104 --- [main] org.reflections.Reflections              : given scan urls are empty. set urls in the configuration
20:34:06:872  INFO 25104 --- [main] org.reflections.Reflections              : Reflections took 7 ms to scan 1 urls, producing 1 keys and 5 values 
20:34:06:883  INFO 25104 --- [main] org.reflections.Reflections              : Reflections took 9 ms to scan 1 urls, producing 1 keys and 7 values 
20:34:06:894  INFO 25104 --- [main] org.reflections.Reflections              : Reflections took 9 ms to scan 1 urls, producing 2 keys and 8 values 
20:34:06:898  WARN 25104 --- [main] org.reflections.Reflections              : given scan urls are empty. set urls in the configuration
20:34:06:899  INFO 25104 --- [main] com.alibaba.nacos.common.remote.client   : [f21c7052-c19b-48d0-b6cf-581705b9e9f0] RpcClient init label, labels = {module=naming, source=sdk}
20:34:06:901  INFO 25104 --- [main] com.alibaba.nacos.common.remote.client   : [f21c7052-c19b-48d0-b6cf-581705b9e9f0] RpcClient init, ServerListFactory = com.alibaba.nacos.client.naming.core.ServerListManager
20:34:06:901  INFO 25104 --- [main] com.alibaba.nacos.common.remote.client   : [f21c7052-c19b-48d0-b6cf-581705b9e9f0] Registry connection listener to current client:com.alibaba.nacos.client.naming.remote.gprc.redo.NamingGrpcRedoService
20:34:06:902  INFO 25104 --- [main] com.alibaba.nacos.common.remote.client   : [f21c7052-c19b-48d0-b6cf-581705b9e9f0] Register server push request handler:com.alibaba.nacos.client.naming.remote.gprc.NamingPushRequestHandler
20:34:06:904  INFO 25104 --- [main] com.alibaba.nacos.common.remote.client   : [f21c7052-c19b-48d0-b6cf-581705b9e9f0] Try to connect to server on start up, server: {serverIp = '192.168.253.130', server main port = 8848}
20:34:11:357  INFO 25104 --- [main] com.alibaba.nacos.common.remote.client   : [f21c7052-c19b-48d0-b6cf-581705b9e9f0] Success to connect to server [192.168.253.130:8848] on start up, connectionId = 1735216451938_192.168.253.1_11936
20:34:11:359  INFO 25104 --- [main] com.alibaba.nacos.common.remote.client   : [f21c7052-c19b-48d0-b6cf-581705b9e9f0] Register server push request handler:com.alibaba.nacos.common.remote.client.RpcClient$ConnectResetRequestHandler
20:34:11:358  INFO 25104 --- [com.alibaba.nacos.client.remote.worker] com.alibaba.nacos.common.remote.client   : [f21c7052-c19b-48d0-b6cf-581705b9e9f0] Notify connected event to listeners.
20:34:11:359  INFO 25104 --- [main] com.alibaba.nacos.common.remote.client   : [f21c7052-c19b-48d0-b6cf-581705b9e9f0] Register server push request handler:com.alibaba.nacos.common.remote.client.RpcClient$$Lambda$975/0x00000008006cb440
20:34:11:429  INFO 25104 --- [main] o.s.b.w.embedded.tomcat.TomcatWebServer  : Tomcat started on port(s): 8085 (http) with context path ''
20:34:11:443  INFO 25104 --- [main] c.a.c.n.registry.NacosServiceRegistry    : nacos registry, DEFAULT_GROUP trade-service 192.168.214.1:8085 register finished
20:34:11:981  INFO 25104 --- [nacos-grpc-client-executor-9] com.alibaba.nacos.common.remote.client   : [f21c7052-c19b-48d0-b6cf-581705b9e9f0] Receive server push request, request = NotifySubscriberRequest, requestId = 11
20:34:11:985  INFO 25104 --- [nacos-grpc-client-executor-9] com.alibaba.nacos.common.remote.client   : [f21c7052-c19b-48d0-b6cf-581705b9e9f0] Ack server push request, request = NotifySubscriberRequest, requestId = 11
20:34:13:041  INFO 25104 --- [main] d.s.w.p.DocumentationPluginsBootstrapper : Documentation plugins bootstrapped
20:34:13:046  INFO 25104 --- [main] d.s.w.p.DocumentationPluginsBootstrapper : Found 1 custom documentation plugin(s)
20:34:13:081  INFO 25104 --- [main] s.d.s.w.s.ApiListingReferenceScanner     : Scanning for api listing references
20:34:13:196  INFO 25104 --- [main] com.hmall.trade.TradeApplication         : Started TradeApplication in 19.328 seconds (JVM running for 20.93)
20:48:49:354  WARN 25104 --- [Thread-7] c.a.n.common.http.HttpClientBeanHolder   : [HttpClientBeanHolder] Start destroying common HttpClient
20:48:49:354  WARN 25104 --- [Thread-4] c.a.nacos.common.notify.NotifyCenter     : [NotifyCenter] Start destroying Publisher
20:48:49:355  WARN 25104 --- [Thread-4] c.a.nacos.common.notify.NotifyCenter     : [NotifyCenter] Destruction of the end
20:48:49:355  WARN 25104 --- [Thread-7] c.a.n.common.http.HttpClientBeanHolder   : [HttpClientBeanHolder] Destruction of the end
20:48:50:211  INFO 25104 --- [SpringApplicationShutdownHook] c.a.c.n.registry.NacosServiceRegistry    : De-registering from Nacos Server now...
20:48:50:220  INFO 25104 --- [SpringApplicationShutdownHook] c.a.c.n.registry.NacosServiceRegistry    : De-registration finished.
20:48:50:556  INFO 25104 --- [SpringApplicationShutdownHook] com.alibaba.nacos.common.remote.client   : Shutdown rpc client, set status to shutdown
20:48:50:556  INFO 25104 --- [SpringApplicationShutdownHook] com.alibaba.nacos.common.remote.client   : Shutdown client event executor java.util.concurrent.ScheduledThreadPoolExecutor@65eb5379[Running, pool size = 2, active threads = 2, queued tasks = 0, completed tasks = 0]
20:48:50:556  INFO 25104 --- [SpringApplicationShutdownHook] com.alibaba.nacos.common.remote.client   : Close current connection 1735216451938_192.168.253.1_11936
20:48:50:558  INFO 25104 --- [nacos-grpc-client-executor-195] c.a.n.c.remote.client.grpc.GrpcClient    : [1735216451938_192.168.253.1_11936]Ignore complete event,isRunning:false,isAbandon=false
20:48:50:561  INFO 25104 --- [SpringApplicationShutdownHook] c.a.n.c.remote.client.grpc.GrpcClient    : Shutdown grpc executor java.util.concurrent.ThreadPoolExecutor@764e6a8f[Running, pool size = 5, active threads = 0, queued tasks = 0, completed tasks = 196]
