15:09:28:833  INFO 34360 --- [main] com.hmall.user.UserApplication           : Starting UserApplication using Java 11.0.16.1 on 神奇海螺 with PID 34360 (C:\Users\12154\Desktop\hmall\user-service\target\classes started by 12154 in C:\Users\12154\Desktop\hmall)
15:09:28:841 DEBUG 34360 --- [main] com.hmall.user.UserApplication           : Running with Spring Boot v2.7.12, Spring v5.3.27
15:09:28:842  INFO 34360 --- [main] com.hmall.user.UserApplication           : The following 1 profile is active: "local"
15:09:30:292  INFO 34360 --- [main] o.s.cloud.context.scope.GenericScope     : BeanFactory id=c84af717-a19d-34c5-ba5a-cf2bbbf28a33
15:09:30:794  INFO 34360 --- [main] o.s.b.w.embedded.tomcat.TomcatWebServer  : Tomcat initialized with port(s): 8084 (http)
15:09:30:810  INFO 34360 --- [main] o.apache.catalina.core.StandardService   : Starting service [Tomcat]
15:09:30:810  INFO 34360 --- [main] org.apache.catalina.core.StandardEngine  : Starting Servlet engine: [Apache Tomcat/9.0.75]
15:09:31:038  INFO 34360 --- [main] o.a.c.c.C.[Tomcat].[localhost].[/]       : Initializing Spring embedded WebApplicationContext
15:09:31:038  INFO 34360 --- [main] w.s.c.ServletWebServerApplicationContext : Root WebApplicationContext: initialization completed in 2115 ms
15:09:36:337  INFO 34360 --- [main] pertySourcedRequestMappingHandlerMapping : Mapped URL path [/v2/api-docs] onto method [springfox.documentation.swagger2.web.Swagger2ControllerWebMvc#getDocumentation(String, HttpServletRequest)]
15:09:37:639  INFO 34360 --- [main] com.alibaba.nacos.common.remote.client   : [RpcClientFactory] create a new rpc client of d0f5fbcc-d473-4eac-88bd-c1715129d28b
15:09:37:683  INFO 34360 --- [main] org.reflections.Reflections              : Reflections took 23 ms to scan 1 urls, producing 3 keys and 6 values 
15:09:37:712  INFO 34360 --- [main] org.reflections.Reflections              : Reflections took 9 ms to scan 1 urls, producing 4 keys and 9 values 
15:09:37:723  INFO 34360 --- [main] org.reflections.Reflections              : Reflections took 6 ms to scan 1 urls, producing 3 keys and 10 values 
15:09:37:726  WARN 34360 --- [main] org.reflections.Reflections              : given scan urls are empty. set urls in the configuration
15:09:37:735  INFO 34360 --- [main] org.reflections.Reflections              : Reflections took 9 ms to scan 1 urls, producing 1 keys and 5 values 
15:09:37:745  INFO 34360 --- [main] org.reflections.Reflections              : Reflections took 8 ms to scan 1 urls, producing 1 keys and 7 values 
15:09:37:764  INFO 34360 --- [main] org.reflections.Reflections              : Reflections took 15 ms to scan 1 urls, producing 2 keys and 8 values 
15:09:37:767  WARN 34360 --- [main] org.reflections.Reflections              : given scan urls are empty. set urls in the configuration
15:09:37:767  INFO 34360 --- [main] com.alibaba.nacos.common.remote.client   : [d0f5fbcc-d473-4eac-88bd-c1715129d28b] RpcClient init label, labels = {module=naming, source=sdk}
15:09:37:770  INFO 34360 --- [main] com.alibaba.nacos.common.remote.client   : [d0f5fbcc-d473-4eac-88bd-c1715129d28b] RpcClient init, ServerListFactory = com.alibaba.nacos.client.naming.core.ServerListManager
15:09:37:770  INFO 34360 --- [main] com.alibaba.nacos.common.remote.client   : [d0f5fbcc-d473-4eac-88bd-c1715129d28b] Registry connection listener to current client:com.alibaba.nacos.client.naming.remote.gprc.redo.NamingGrpcRedoService
15:09:37:771  INFO 34360 --- [main] com.alibaba.nacos.common.remote.client   : [d0f5fbcc-d473-4eac-88bd-c1715129d28b] Register server push request handler:com.alibaba.nacos.client.naming.remote.gprc.NamingPushRequestHandler
15:09:37:772  INFO 34360 --- [main] com.alibaba.nacos.common.remote.client   : [d0f5fbcc-d473-4eac-88bd-c1715129d28b] Try to connect to server on start up, server: {serverIp = '192.168.253.130', server main port = 8848}
15:09:40:982  INFO 34360 --- [main] com.alibaba.nacos.common.remote.client   : [d0f5fbcc-d473-4eac-88bd-c1715129d28b] Success to connect to server [192.168.253.130:8848] on start up, connectionId = 1735974580896_192.168.253.1_30767
15:09:40:983  INFO 34360 --- [com.alibaba.nacos.client.remote.worker] com.alibaba.nacos.common.remote.client   : [d0f5fbcc-d473-4eac-88bd-c1715129d28b] Notify connected event to listeners.
15:09:40:983  INFO 34360 --- [main] com.alibaba.nacos.common.remote.client   : [d0f5fbcc-d473-4eac-88bd-c1715129d28b] Register server push request handler:com.alibaba.nacos.common.remote.client.RpcClient$ConnectResetRequestHandler
15:09:40:984  INFO 34360 --- [main] com.alibaba.nacos.common.remote.client   : [d0f5fbcc-d473-4eac-88bd-c1715129d28b] Register server push request handler:com.alibaba.nacos.common.remote.client.RpcClient$$Lambda$955/0x0000000800725440
15:09:41:049  INFO 34360 --- [main] o.s.b.w.embedded.tomcat.TomcatWebServer  : Tomcat started on port(s): 8084 (http) with context path ''
15:09:41:062  INFO 34360 --- [main] c.a.c.n.registry.NacosServiceRegistry    : nacos registry, DEFAULT_GROUP user-service 192.168.214.1:8084 register finished
15:09:41:597  INFO 34360 --- [nacos-grpc-client-executor-11] com.alibaba.nacos.common.remote.client   : [d0f5fbcc-d473-4eac-88bd-c1715129d28b] Receive server push request, request = NotifySubscriberRequest, requestId = 6
15:09:41:600  INFO 34360 --- [nacos-grpc-client-executor-11] com.alibaba.nacos.common.remote.client   : [d0f5fbcc-d473-4eac-88bd-c1715129d28b] Ack server push request, request = NotifySubscriberRequest, requestId = 6
15:09:42:065  INFO 34360 --- [main] d.s.w.p.DocumentationPluginsBootstrapper : Documentation plugins bootstrapped
15:09:42:068  INFO 34360 --- [main] d.s.w.p.DocumentationPluginsBootstrapper : Found 1 custom documentation plugin(s)
15:09:42:089  INFO 34360 --- [main] s.d.s.w.s.ApiListingReferenceScanner     : Scanning for api listing references
15:09:42:179  INFO 34360 --- [main] com.hmall.user.UserApplication           : Started UserApplication in 15.734 seconds (JVM running for 17.552)
21:05:05:389  WARN 34360 --- [Thread-4] c.a.nacos.common.notify.NotifyCenter     : [NotifyCenter] Start destroying Publisher
21:05:05:389  WARN 34360 --- [Thread-7] c.a.n.common.http.HttpClientBeanHolder   : [HttpClientBeanHolder] Start destroying common HttpClient
21:05:05:405  WARN 34360 --- [Thread-4] c.a.nacos.common.notify.NotifyCenter     : [NotifyCenter] Destruction of the end
21:05:05:410  WARN 34360 --- [Thread-7] c.a.n.common.http.HttpClientBeanHolder   : [HttpClientBeanHolder] Destruction of the end
21:05:06:723  INFO 34360 --- [SpringApplicationShutdownHook] c.a.c.n.registry.NacosServiceRegistry    : De-registering from Nacos Server now...
21:05:06:729  INFO 34360 --- [SpringApplicationShutdownHook] c.a.c.n.registry.NacosServiceRegistry    : De-registration finished.
21:05:07:064  INFO 34360 --- [SpringApplicationShutdownHook] com.alibaba.nacos.common.remote.client   : Shutdown rpc client, set status to shutdown
21:05:07:064  INFO 34360 --- [SpringApplicationShutdownHook] com.alibaba.nacos.common.remote.client   : Shutdown client event executor java.util.concurrent.ScheduledThreadPoolExecutor@53d0413e[Running, pool size = 2, active threads = 2, queued tasks = 0, completed tasks = 0]
21:05:07:064  INFO 34360 --- [SpringApplicationShutdownHook] com.alibaba.nacos.common.remote.client   : Close current connection 1735974580896_192.168.253.1_30767
21:05:07:068  INFO 34360 --- [nacos-grpc-client-executor-4293] c.a.n.c.remote.client.grpc.GrpcClient    : [1735974580896_192.168.253.1_30767]Ignore complete event,isRunning:false,isAbandon=false
21:05:07:079  INFO 34360 --- [SpringApplicationShutdownHook] c.a.n.c.remote.client.grpc.GrpcClient    : Shutdown grpc executor java.util.concurrent.ThreadPoolExecutor@74b8aca8[Running, pool size = 5, active threads = 0, queued tasks = 0, completed tasks = 4294]
